<?xml version="1.0" encoding="UTF-8"?>
<!-- Generated by org.testng.reporters.JUnitXMLReporter -->
<testsuite ignored="0" hostname="DESKTOP-FEPEQ81" failures="0" tests="3" name="Test" time="102.159" errors="0" timestamp="2022-09-18T23:16:40 IST">
  <testcase classname="computer_functionality.tc_1" name="te" time="20.817"/>
  <testcase classname="computer_functionality.tc_2" name="tes" time="1.354"/>
  <testcase classname="computer_functionality.Tc_3" name="te" time="1.714"/>
</testsuite> <!-- Test -->
