<?xml version="1.0" encoding="UTF-8"?>
<testng-results ignored="0" total="3" passed="3" failed="0" skipped="0">
  <reporter-output>
  </reporter-output>
  <suite started-at="2022-09-18T23:14:58 IST" name="Suite" finished-at="2022-09-18T23:16:40 IST" duration-ms="102159">
    <groups>
    </groups>
    <test started-at="2022-09-18T23:14:58 IST" name="Test" finished-at="2022-09-18T23:16:40 IST" duration-ms="102159">
      <class name="computer_functionality.tc_1">
        <test-method is-config="true" signature="bm()[pri:0, instance:computer_functionality.tc_1@3c7f66c4]" started-at="2022-09-18T23:14:58 IST" name="bm" finished-at="2022-09-18T23:15:33 IST" duration-ms="34399" status="PASS">
          <reporter-output>
          </reporter-output>
        </test-method> <!-- bm -->
        <test-method signature="te()[pri:0, instance:computer_functionality.tc_1@3c7f66c4]" started-at="2022-09-18T23:15:33 IST" name="te" finished-at="2022-09-18T23:15:53 IST" duration-ms="20817" status="PASS">
          <reporter-output>
          </reporter-output>
        </test-method> <!-- te -->
        <test-method is-config="true" signature="Am()[pri:0, instance:computer_functionality.tc_1@3c7f66c4]" started-at="2022-09-18T23:15:53 IST" name="Am" finished-at="2022-09-18T23:15:53 IST" duration-ms="1" status="PASS">
          <reporter-output>
          </reporter-output>
        </test-method> <!-- Am -->
      </class> <!-- computer_functionality.tc_1 -->
      <class name="computer_functionality.tc_2">
        <test-method is-config="true" signature="bm()[pri:0, instance:computer_functionality.tc_2@7db12bb6]" started-at="2022-09-18T23:15:53 IST" name="bm" finished-at="2022-09-18T23:16:19 IST" duration-ms="25379" status="PASS">
          <reporter-output>
          </reporter-output>
        </test-method> <!-- bm -->
        <test-method signature="tes()[pri:0, instance:computer_functionality.tc_2@7db12bb6]" started-at="2022-09-18T23:16:19 IST" name="tes" finished-at="2022-09-18T23:16:20 IST" duration-ms="1354" status="PASS">
          <reporter-output>
          </reporter-output>
        </test-method> <!-- tes -->
        <test-method is-config="true" signature="Am()[pri:0, instance:computer_functionality.tc_2@7db12bb6]" started-at="2022-09-18T23:16:20 IST" name="Am" finished-at="2022-09-18T23:16:20 IST" duration-ms="1" status="PASS">
          <reporter-output>
          </reporter-output>
        </test-method> <!-- Am -->
      </class> <!-- computer_functionality.tc_2 -->
      <class name="computer_functionality.Tc_3">
        <test-method is-config="true" signature="bm()[pri:0, instance:computer_functionality.Tc_3@783a467b]" started-at="2022-09-18T23:16:20 IST" name="bm" finished-at="2022-09-18T23:16:39 IST" duration-ms="18420" status="PASS">
          <reporter-output>
          </reporter-output>
        </test-method> <!-- bm -->
        <test-method signature="te()[pri:0, instance:computer_functionality.Tc_3@783a467b]" started-at="2022-09-18T23:16:39 IST" name="te" finished-at="2022-09-18T23:16:40 IST" duration-ms="1714" status="PASS">
          <reporter-output>
          </reporter-output>
        </test-method> <!-- te -->
        <test-method is-config="true" signature="am()[pri:0, instance:computer_functionality.Tc_3@783a467b]" started-at="2022-09-18T23:16:40 IST" name="am" finished-at="2022-09-18T23:16:40 IST" duration-ms="1" status="PASS">
          <reporter-output>
          </reporter-output>
        </test-method> <!-- am -->
      </class> <!-- computer_functionality.Tc_3 -->
    </test> <!-- Test -->
  </suite> <!-- Suite -->
</testng-results>
