<?xml version="1.0" encoding="UTF-8"?>
<!-- Generated by org.testng.reporters.JUnitXMLReporter -->
<testsuite ignored="0" hostname="DESKTOP-FEPEQ81" failures="0" tests="4" name="Default test" time="107.043" errors="0" timestamp="2022-10-06T16:32:47 IST">
  <testcase classname="Login_functionality.DataDrivenTest_of_login" name="loginTest" time="12.537"/>
  <testcase classname="Login_functionality.DataDrivenTest_of_login" name="loginTest" time="8.1"/>
  <testcase classname="Login_functionality.DataDrivenTest_of_login" name="loginTest" time="23.433"/>
  <testcase classname="Login_functionality.DataDrivenTest_of_login" name="loginTest" time="8.724"/>
</testsuite> <!-- Default test -->
