<?xml version="1.0" encoding="UTF-8"?>
<testng-results ignored="0" total="4" passed="4" failed="0" skipped="0">
  <reporter-output>
  </reporter-output>
  <suite started-at="2022-10-06T16:31:00 IST" name="Default suite" finished-at="2022-10-06T16:32:47 IST" duration-ms="107043">
    <groups>
    </groups>
    <test started-at="2022-10-06T16:31:00 IST" name="Default test" finished-at="2022-10-06T16:32:47 IST" duration-ms="107043">
      <class name="Login_functionality.DataDrivenTest_of_login">
        <test-method is-config="true" signature="bm()[pri:0, instance:Login_functionality.DataDrivenTest_of_login@29215f06]" started-at="2022-10-06T16:31:00 IST" name="bm" finished-at="2022-10-06T16:31:20 IST" duration-ms="19833" status="PASS">
          <reporter-output>
          </reporter-output>
        </test-method> <!-- bm -->
        <test-method signature="loginTest(java.lang.String,java.lang.String,java.lang.String)[pri:0, instance:Login_functionality.DataDrivenTest_of_login@29215f06]" started-at="2022-10-06T16:31:20 IST" name="loginTest" data-provider="LoginData" finished-at="2022-10-06T16:31:33 IST" duration-ms="12537" status="PASS">
          <params>
            <param index="0">
              <value>
                <![CDATA[ravikumarmm013@gmail.com]]>
              </value>
            </param>
            <param index="1">
              <value>
                <![CDATA[10179m013]]>
              </value>
            </param>
            <param index="2">
              <value>
                <![CDATA[In valid]]>
              </value>
            </param>
          </params>
          <reporter-output>
          </reporter-output>
        </test-method> <!-- loginTest -->
        <test-method is-config="true" signature="Am()[pri:0, instance:Login_functionality.DataDrivenTest_of_login@29215f06]" started-at="2022-10-06T16:31:33 IST" name="Am" finished-at="2022-10-06T16:31:33 IST" duration-ms="0" status="PASS">
          <reporter-output>
          </reporter-output>
        </test-method> <!-- Am -->
        <test-method is-config="true" signature="bm()[pri:0, instance:Login_functionality.DataDrivenTest_of_login@29215f06]" started-at="2022-10-06T16:31:33 IST" name="bm" finished-at="2022-10-06T16:31:46 IST" duration-ms="13034" status="PASS">
          <reporter-output>
          </reporter-output>
        </test-method> <!-- bm -->
        <test-method signature="loginTest(java.lang.String,java.lang.String,java.lang.String)[pri:0, instance:Login_functionality.DataDrivenTest_of_login@29215f06]" started-at="2022-10-06T16:31:46 IST" name="loginTest" data-provider="LoginData" finished-at="2022-10-06T16:31:54 IST" duration-ms="8100" status="PASS">
          <params>
            <param index="0">
              <value>
                <![CDATA[ravikumar.mm013@gmail.com]]>
              </value>
            </param>
            <param index="1">
              <value>
                <![CDATA[1017013]]>
              </value>
            </param>
            <param index="2">
              <value>
                <![CDATA[In valid]]>
              </value>
            </param>
          </params>
          <reporter-output>
          </reporter-output>
        </test-method> <!-- loginTest -->
        <test-method is-config="true" signature="Am()[pri:0, instance:Login_functionality.DataDrivenTest_of_login@29215f06]" started-at="2022-10-06T16:31:54 IST" name="Am" finished-at="2022-10-06T16:31:54 IST" duration-ms="1" status="PASS">
          <reporter-output>
          </reporter-output>
        </test-method> <!-- Am -->
        <test-method is-config="true" signature="bm()[pri:0, instance:Login_functionality.DataDrivenTest_of_login@29215f06]" started-at="2022-10-06T16:31:54 IST" name="bm" finished-at="2022-10-06T16:32:06 IST" duration-ms="11956" status="PASS">
          <reporter-output>
          </reporter-output>
        </test-method> <!-- bm -->
        <test-method signature="loginTest(java.lang.String,java.lang.String,java.lang.String)[pri:0, instance:Login_functionality.DataDrivenTest_of_login@29215f06]" started-at="2022-10-06T16:32:06 IST" name="loginTest" data-provider="LoginData" finished-at="2022-10-06T16:32:29 IST" duration-ms="23433" status="PASS">
          <params>
            <param index="0">
              <value>
                <![CDATA[ravikumarmm3@gmail.com]]>
              </value>
            </param>
            <param index="1">
              <value>
                <![CDATA[10179m3]]>
              </value>
            </param>
            <param index="2">
              <value>
                <![CDATA[In valid]]>
              </value>
            </param>
          </params>
          <reporter-output>
          </reporter-output>
        </test-method> <!-- loginTest -->
        <test-method is-config="true" signature="Am()[pri:0, instance:Login_functionality.DataDrivenTest_of_login@29215f06]" started-at="2022-10-06T16:32:29 IST" name="Am" finished-at="2022-10-06T16:32:29 IST" duration-ms="1" status="PASS">
          <reporter-output>
          </reporter-output>
        </test-method> <!-- Am -->
        <test-method is-config="true" signature="bm()[pri:0, instance:Login_functionality.DataDrivenTest_of_login@29215f06]" started-at="2022-10-06T16:32:29 IST" name="bm" finished-at="2022-10-06T16:32:38 IST" duration-ms="9229" status="PASS">
          <reporter-output>
          </reporter-output>
        </test-method> <!-- bm -->
        <test-method signature="loginTest(java.lang.String,java.lang.String,java.lang.String)[pri:0, instance:Login_functionality.DataDrivenTest_of_login@29215f06]" started-at="2022-10-06T16:32:38 IST" name="loginTest" data-provider="LoginData" finished-at="2022-10-06T16:32:47 IST" duration-ms="8724" status="PASS">
          <params>
            <param index="0">
              <value>
                <![CDATA[ravikumar.mm013@gmail.com]]>
              </value>
            </param>
            <param index="1">
              <value>
                <![CDATA[10179m013]]>
              </value>
            </param>
            <param index="2">
              <value>
                <![CDATA[ valid]]>
              </value>
            </param>
          </params>
          <reporter-output>
          </reporter-output>
        </test-method> <!-- loginTest -->
        <test-method is-config="true" signature="Am()[pri:0, instance:Login_functionality.DataDrivenTest_of_login@29215f06]" started-at="2022-10-06T16:32:47 IST" name="Am" finished-at="2022-10-06T16:32:47 IST" duration-ms="1" status="PASS">
          <reporter-output>
          </reporter-output>
        </test-method> <!-- Am -->
      </class> <!-- Login_functionality.DataDrivenTest_of_login -->
    </test> <!-- Default test -->
  </suite> <!-- Default suite -->
</testng-results>
