<?xml version="1.0" encoding="UTF-8"?>
<!-- Generated by org.testng.reporters.JUnitXMLReporter -->
<testsuite ignored="0" hostname="DESKTOP-FEPEQ81" failures="0" tests="3" name="Test" time="90.971" errors="0" timestamp="2022-09-29T19:10:25 IST">
  <testcase classname="computer_functionality.tc_1" name="te" time="16.511"/>
  <testcase classname="computer_functionality.tc_2" name="tes" time="4.202"/>
  <testcase classname="computer_functionality.Tc_3" name="te" time="1.998"/>
</testsuite> <!-- Test -->
